Build/launcher/build/intermediates/manifest_merge_blame_file/release/manifest-merger-blame-release-report.txt
1<?xml version="1.0" encoding="utf-8"?>
2<manifest xmlns:android="http://schemas.android.com/apk/res/android"
3    package="com.edapps.cracker"
4    android:installLocation="preferExternal"
5    android:versionCode="1"
6    android:versionName="1.0.30" >
7
8    <uses-sdk
9        android:minSdkVersion="22"
9-->src/main/AndroidManifest.xml
10        android:targetSdkVersion="30" />
10-->src/main/AndroidManifest.xml
11
12    <supports-screens
12-->src/main/AndroidManifest.xml:3:3-163
13        android:anyDensity="true"
13-->src/main/AndroidManifest.xml:3:135-160
14        android:largeScreens="true"
14-->src/main/AndroidManifest.xml:3:78-105
15        android:normalScreens="true"
15-->src/main/AndroidManifest.xml:3:49-77
16        android:smallScreens="true"
16-->src/main/AndroidManifest.xml:3:21-48
17        android:xlargeScreens="true" />
17-->src/main/AndroidManifest.xml:3:106-134
18
19    <uses-feature android:glEsVersion="0x00030000" />
19-->[:unityLibrary] AndroidManifest.xml:12:5-54
19-->[:unityLibrary] AndroidManifest.xml:12:19-51
20
21    <uses-permission android:name="android.permission.INTERNET" />
21-->[:unityLibrary] AndroidManifest.xml:14:5-67
21-->[:unityLibrary] AndroidManifest.xml:14:22-64
22    <uses-permission android:name="android.permission.ACCESS_NETWORK_STATE" />
22-->[:unityLibrary] AndroidManifest.xml:15:5-79
22-->[:unityLibrary] AndroidManifest.xml:15:22-76
23    <uses-permission android:name="android.permission.CAMERA" />
23-->[:unityLibrary] AndroidManifest.xml:16:5-65
23-->[:unityLibrary] AndroidManifest.xml:16:22-62
24
25    <uses-feature
25-->[:unityLibrary] AndroidManifest.xml:18:5-20:36
26        android:name="android.hardware.camera"
26-->[:unityLibrary] AndroidManifest.xml:19:9-47
27        android:required="false" />
27-->[:unityLibrary] AndroidManifest.xml:20:9-33
28    <uses-feature
28-->[:unityLibrary] AndroidManifest.xml:21:5-23:36
29        android:name="android.hardware.camera.autofocus"
29-->[:unityLibrary] AndroidManifest.xml:22:9-57
30        android:required="false" />
30-->[:unityLibrary] AndroidManifest.xml:23:9-33
31    <uses-feature
31-->[:unityLibrary] AndroidManifest.xml:24:5-26:36
32        android:name="android.hardware.camera.front"
32-->[:unityLibrary] AndroidManifest.xml:25:9-53
33        android:required="false" />
33-->[:unityLibrary] AndroidManifest.xml:26:9-33
34
35    <uses-permission android:name="android.permission.WRITE_EXTERNAL_STORAGE" />
35-->[:unityLibrary] AndroidManifest.xml:28:5-81
35-->[:unityLibrary] AndroidManifest.xml:28:22-78
36
37    <uses-feature
37-->[:unityLibrary] AndroidManifest.xml:30:5-32:36
38        android:name="android.hardware.touchscreen"
38-->[:unityLibrary] AndroidManifest.xml:31:9-52
39        android:required="false" />
39-->[:unityLibrary] AndroidManifest.xml:32:9-33
40    <uses-feature
40-->[:unityLibrary] AndroidManifest.xml:33:5-35:36
41        android:name="android.hardware.touchscreen.multitouch"
41-->[:unityLibrary] AndroidManifest.xml:34:9-63
42        android:required="false" />
42-->[:unityLibrary] AndroidManifest.xml:35:9-33
43    <uses-feature
43-->[:unityLibrary] AndroidManifest.xml:36:5-38:36
44        android:name="android.hardware.touchscreen.multitouch.distinct"
44-->[:unityLibrary] AndroidManifest.xml:37:9-72
45        android:required="false" />
45-->[:unityLibrary] AndroidManifest.xml:38:9-33
46
47    <uses-permission android:name="android.permission.READ_EXTERNAL_STORAGE" />
47-->[:NativeGallery:] AndroidManifest.xml:4:2-98
47-->[:NativeGallery:] AndroidManifest.xml:4:19-74
48
49    <application
49-->src/main/AndroidManifest.xml:4:3-121
50        android:banner="@drawable/app_banner"
50-->src/main/AndroidManifest.xml:4:81-118
51        android:extractNativeLibs="true"
51-->[:unityLibrary] AndroidManifest.xml:41:9-41
52        android:icon="@mipmap/app_icon"
52-->src/main/AndroidManifest.xml:4:49-80
53        android:isGame="true"
53-->[:unityLibrary] AndroidManifest.xml:42:9-30
54        android:label="@string/app_name"
54-->src/main/AndroidManifest.xml:4:16-48
55        android:requestLegacyExternalStorage="true" >
55-->[:NativeGallery:] AndroidManifest.xml:5:15-58
56        <activity
56-->[:unityLibrary] AndroidManifest.xml:43:9-64:20
57            android:name="com.unity3d.player.UnityPlayerActivity"
57-->[:unityLibrary] AndroidManifest.xml:44:13-66
58            android:configChanges="mcc|mnc|locale|touchscreen|keyboard|keyboardHidden|navigation|orientation|screenLayout|uiMode|screenSize|smallestScreenSize|fontScale|layoutDirection|density"
58-->[:unityLibrary] AndroidManifest.xml:45:13-194
59            android:hardwareAccelerated="false"
59-->[:unityLibrary] AndroidManifest.xml:46:13-48
60            android:launchMode="singleTask"
60-->[:unityLibrary] AndroidManifest.xml:47:13-44
61            android:resizeableActivity="false"
61-->[:unityLibrary] AndroidManifest.xml:48:13-47
62            android:screenOrientation="userPortrait"
62-->[:unityLibrary] AndroidManifest.xml:49:13-53
63            android:theme="@style/UnityThemeSelector" >
63-->[:unityLibrary] AndroidManifest.xml:50:13-54
64            <intent-filter>
64-->[:unityLibrary] AndroidManifest.xml:51:13-56:29
65                <action android:name="android.intent.action.MAIN" />
65-->[:unityLibrary] AndroidManifest.xml:52:17-69
65-->[:unityLibrary] AndroidManifest.xml:52:25-66
66
67                <category android:name="android.intent.category.LAUNCHER" />
67-->[:unityLibrary] AndroidManifest.xml:54:17-77
67-->[:unityLibrary] AndroidManifest.xml:54:27-74
68                <category android:name="android.intent.category.LEANBACK_LAUNCHER" />
68-->[:unityLibrary] AndroidManifest.xml:55:17-86
68-->[:unityLibrary] AndroidManifest.xml:55:27-83
69            </intent-filter>
70
71            <meta-data
71-->[:unityLibrary] AndroidManifest.xml:58:13-60:40
72                android:name="unityplayer.UnityActivity"
72-->[:unityLibrary] AndroidManifest.xml:59:17-57
73                android:value="true" />
73-->[:unityLibrary] AndroidManifest.xml:60:17-37
74            <meta-data
74-->[:unityLibrary] AndroidManifest.xml:61:13-63:40
75                android:name="android.notch_support"
75-->[:unityLibrary] AndroidManifest.xml:62:17-53
76                android:value="true" />
76-->[:unityLibrary] AndroidManifest.xml:63:17-37
77        </activity>
78
79        <meta-data
79-->[:unityLibrary] AndroidManifest.xml:66:9-68:33
80            android:name="unity.splash-mode"
80-->[:unityLibrary] AndroidManifest.xml:67:13-45
81            android:value="0" />
81-->[:unityLibrary] AndroidManifest.xml:68:13-30
82        <meta-data
82-->[:unityLibrary] AndroidManifest.xml:69:9-71:36
83            android:name="unity.splash-enable"
83-->[:unityLibrary] AndroidManifest.xml:70:13-47
84            android:value="True" />
84-->[:unityLibrary] AndroidManifest.xml:71:13-33
85        <meta-data
85-->[:unityLibrary] AndroidManifest.xml:72:9-74:36
86            android:name="unity.launch-fullscreen"
86-->[:unityLibrary] AndroidManifest.xml:73:13-51
87            android:value="True" />
87-->[:unityLibrary] AndroidManifest.xml:74:13-33
88        <meta-data
88-->[:unityLibrary] AndroidManifest.xml:75:9-77:37
89            android:name="unity.allow-resizable-window"
89-->[:unityLibrary] AndroidManifest.xml:76:13-56
90            android:value="False" />
90-->[:unityLibrary] AndroidManifest.xml:77:13-34
91        <meta-data
91-->[:unityLibrary] AndroidManifest.xml:78:9-80:50
92            android:name="notch.config"
92-->[:unityLibrary] AndroidManifest.xml:79:13-40
93            android:value="portrait|landscape" />
93-->[:unityLibrary] AndroidManifest.xml:80:13-47
94    </application>
95
96</manifest>